# JRE version: Java(TM) SE Runtime Environment (8.0_241-b07) (build 1.8.0_241-b07)
# Java VM: Java HotSpot(TM) 64-Bit Server VM (25.241-b07 mixed mode windows-amd64 compressed oops)
Heap:
 PSYoungGen      total 73728K, used 56357K [0x000000076e180000, 0x0000000773380000, 0x00000007c0000000)
  eden space 63488K, 72% used [0x000000076e180000,0x0000000770e910b8,0x0000000771f80000)
  from space 10240K, 99% used [0x0000000772980000,0x0000000773378718,0x0000000773380000)
  to   space 10240K, 0% used [0x0000000771f80000,0x0000000771f80000,0x0000000772980000)
 ParOldGen       total 167936K, used 2700K [0x00000006ca400000, 0x00000006d4800000, 0x000000076e180000)
  object space 167936K, 1% used [0x00000006ca400000,0x00000006ca6a3110,0x00000006d4800000)
 Metaspace       used 15911K, capacity 16264K, committed 16384K, reserved 1062912K
  class space    used 1902K, capacity 2011K, committed 2048K, reserved 1048576K
GC Heap History (4 events):
Event: 1.936 GC heap before
{Heap before GC invocations=1 (full 0):
 PSYoungGen      total 73728K, used 63488K [0x000000076e180000, 0x0000000773380000, 0x00000007c0000000)
  eden space 63488K, 100% used [0x000000076e180000,0x0000000771f80000,0x0000000771f80000)
  from space 10240K, 0% used [0x0000000772980000,0x0000000772980000,0x0000000773380000)
  to   space 10240K, 0% used [0x0000000771f80000,0x0000000771f80000,0x0000000772980000)
 ParOldGen       total 167936K, used 0K [0x00000006ca400000, 0x00000006d4800000, 0x000000076e180000)
  object space 167936K, 0% used [0x00000006ca400000,0x00000006ca400000,0x00000006d4800000)
 Metaspace       used 10836K, capacity 10988K, committed 11136K, reserved 1058816K
  class space    used 1305K, capacity 1381K, committed 1408K, reserved 1048576K
Event: 1.949 GC heap after
Heap after GC invocations=1 (full 0):
 PSYoungGen      total 73728K, used 8576K [0x000000076e180000, 0x0000000773380000, 0x00000007c0000000)
  eden space 63488K, 0% used [0x000000076e180000,0x000000076e180000,0x0000000771f80000)
  from space 10240K, 83% used [0x0000000771f80000,0x00000007727e0110,0x0000000772980000)
  to   space 10240K, 0% used [0x0000000772980000,0x0000000772980000,0x0000000773380000)
 ParOldGen       total 167936K, used 16K [0x00000006ca400000, 0x00000006d4800000, 0x000000076e180000)
  object space 167936K, 0% used [0x00000006ca400000,0x00000006ca404000,0x00000006d4800000)
 Metaspace       used 10836K, capacity 10988K, committed 11136K, reserved 1058816K
  class space    used 1305K, capacity 1381K, committed 1408K, reserved 1048576K
}
Event: 3.402 GC heap before
{Heap before GC invocations=2 (full 0):
 PSYoungGen      total 73728K, used 72064K [0x000000076e180000, 0x0000000773380000, 0x00000007c0000000)
  eden space 63488K, 100% used [0x000000076e180000,0x0000000771f80000,0x0000000771f80000)
  from space 10240K, 83% used [0x0000000771f80000,0x00000007727e0110,0x0000000772980000)
  to   space 10240K, 0% used [0x0000000772980000,0x0000000772980000,0x0000000773380000)
 ParOldGen       total 167936K, used 16K [0x00000006ca400000, 0x00000006d4800000, 0x000000076e180000)
  object space 167936K, 0% used [0x00000006ca400000,0x00000006ca404000,0x00000006d4800000)
 Metaspace       used 15643K, capacity 15970K, committed 16128K, reserved 1062912K
  class space    used 1884K, capacity 1978K, committed 2048K, reserved 1048576K
Event: 3.416 GC heap after
Heap after GC invocations=2 (full 0):
 PSYoungGen      total 73728K, used 10209K [0x000000076e180000, 0x0000000773380000, 0x00000007c0000000)
  eden space 63488K, 0% used [0x000000076e180000,0x000000076e180000,0x0000000771f80000)
  from space 10240K, 99% used [0x0000000772980000,0x0000000773378718,0x0000000773380000)
  to   space 10240K, 0% used [0x0000000771f80000,0x0000000771f80000,0x0000000772980000)
 ParOldGen       total 167936K, used 2700K [0x00000006ca400000, 0x00000006d4800000, 0x000000076e180000)
  object space 167936K, 1% used [0x00000006ca400000,0x00000006ca6a3110,0x00000006d4800000)
 Metaspace       used 15643K, capacity 15970K, committed 16128K, reserved 1062912K
  class space    used 1884K, capacity 1978K, committed 2048K, reserved 1048576K
}

